TN:
SF:D:\project\uxcore-tree-select\src\index.js
FNF:0
FNH:0
DA:11,1
LF:1
LH:1
BRF:0
BRH:0
end_of_record
TN:
SF:D:\project\uxcore-tree-select\src\TreeSelect.js
FN:19,_interopRequireDefault
FN:21,_defaults
FN:23,_classCallCheck
FN:25,_possibleConstructorReturn
FN:27,_inherits
FN:41,(anonymous_6)
FN:44,TreeSelect
FNF:7
FNH:7
FNDA:4,_interopRequireDefault
FNDA:1,_defaults
FNDA:5,_classCallCheck
FNDA:5,_possibleConstructorReturn
FNDA:1,_inherits
FNDA:1,(anonymous_6)
FNDA:5,TreeSelect
DA:3,1
DA:5,1
DA:7,1
DA:9,1
DA:11,1
DA:13,1
DA:15,1
DA:17,1
DA:19,4
DA:21,10
DA:23,5
DA:25,5
DA:27,1
DA:36,1
DA:37,1
DA:38,1
DA:41,1
DA:42,1
DA:44,1
DA:45,5
DA:47,5
DA:50,1
DA:53,1
DA:54,1
DA:55,1
DA:57,1
DA:68,1
DA:70,1
LF:28
LH:28
BRDA:19,1,0,1
BRDA:19,1,1,3
BRDA:19,2,0,4
BRDA:19,2,1,4
BRDA:21,3,0,5
BRDA:21,3,1,5
BRDA:21,4,0,10
BRDA:21,4,1,10
BRDA:21,4,2,5
BRDA:23,5,0,0
BRDA:23,5,1,5
BRDA:25,6,0,0
BRDA:25,6,1,5
BRDA:25,7,0,5
BRDA:25,7,1,0
BRDA:25,8,0,5
BRDA:25,8,1,5
BRDA:25,8,2,0
BRDA:27,9,0,0
BRDA:27,9,1,1
BRDA:27,10,0,1
BRDA:27,10,1,0
BRDA:27,11,0,1
BRDA:27,11,1,1
BRDA:27,12,0,1
BRDA:27,12,1,0
BRDA:27,13,0,0
BRDA:27,13,1,1
BRDA:37,14,0,1
BRDA:37,14,1,0
BRDA:59,15,0,1
BRDA:59,15,1,0
BRF:32
BRH:22
end_of_record
TN:
SF:D:\project\uxcore-tree-select\src\Select.jsx
FN:7,(anonymous_1)
FN:51,_interopRequireDefault
FN:53,_defaults
FN:55,_defineProperty
FN:57,_toConsumableArray
FN:59,_classCallCheck
FN:61,_possibleConstructorReturn
FN:63,_inherits
FN:65,_objectWithoutProperties
FN:67,noop
FN:69,filterFn
FN:73,loopTreeData
FN:76,(anonymous_13)
FN:110,(anonymous_14)
FN:113,Select
FN:143,componentDidMount
FN:162,componentWillReceiveProps
FN:170,(anonymous_18)
FN:199,componentWillUpdate
FN:206,componentDidUpdate
FN:220,componentWillUnmount
FN:232,getLabelFromNode
FN:236,getLabelFromProps
FN:243,(anonymous_24)
FN:254,getDropdownContainer
FN:262,getSearchPlaceholderElement
FN:284,getInputElement
FN:315,getInputDOMNode
FN:319,getPopupDOMNode
FN:323,getPopupComponentRefs
FN:327,getValue
FN:338,(anonymous_32)
FN:363,(anonymous_33)
FN:368,mapLabVal
FN:369,(anonymous_35)
FN:381,(anonymous_36)
FN:384,(anonymous_37)
FN:388,(anonymous_38)
FN:395,getCheckedNodes
FN:407,(anonymous_40)
FN:410,(anonymous_41)
FN:412,(anonymous_42)
FN:416,(anonymous_43)
FN:423,getDeselectedValue
FN:426,(anonymous_45)
FN:433,(anonymous_46)
FN:442,(anonymous_47)
FN:448,setOpenState
FN:465,(anonymous_49)
FN:479,clearSearchInput
FN:486,addLabelToValue
FN:491,(anonymous_52)
FN:502,(anonymous_53)
FN:512,clearDelayTimer
FN:519,openIfHasChildren
FN:529,isLabelInValue
FN:541,focus
FN:549,blur
FN:557,renderTopControlNode
FN:597,(anonymous_60)
FN:653,renderTreeData
FN:680,render
FN:791,onDropdownVisibleChange
FN:813,_initialiseProps
FN:816,(anonymous_65)
FN:831,(anonymous_66)
FN:847,(anonymous_67)
FN:854,(anonymous_68)
FN:859,(anonymous_69)
FN:873,(anonymous_70)
FN:905,(anonymous_71)
FN:927,(anonymous_72)
FN:934,(anonymous_73)
FN:979,(anonymous_74)
FN:988,(anonymous_75)
FN:992,(anonymous_76)
FN:1006,(anonymous_77)
FN:1015,(anonymous_78)
FN:1019,(anonymous_79)
FN:1033,(anonymous_80)
FN:1053,(anonymous_81)
FN:1054,(anonymous_82)
FN:1063,(anonymous_83)
FN:1065,(anonymous_84)
FN:1068,(anonymous_85)
FN:1071,(anonymous_86)
FN:1081,(anonymous_87)
FN:1084,(anonymous_88)
FN:1088,(anonymous_89)
FN:1089,(anonymous_90)
FN:1103,(anonymous_91)
FN:1104,(anonymous_92)
FN:1112,(anonymous_93)
FN:1125,(anonymous_94)
FN:1128,(anonymous_95)
FN:1138,(anonymous_96)
FNF:96
FNH:32
FNDA:22,(anonymous_1)
FNDA:9,_interopRequireDefault
FNDA:1,_defaults
FNDA:42,_defineProperty
FNDA:3,_toConsumableArray
FNDA:5,_classCallCheck
FNDA:5,_possibleConstructorReturn
FNDA:1,_inherits
FNDA:5,_objectWithoutProperties
FNDA:2,noop
FNDA:0,filterFn
FNDA:3,loopTreeData
FNDA:5,(anonymous_13)
FNDA:1,(anonymous_14)
FNDA:5,Select
FNDA:5,componentDidMount
FNDA:1,componentWillReceiveProps
FNDA:0,(anonymous_18)
FNDA:1,componentWillUpdate
FNDA:1,componentDidUpdate
FNDA:0,componentWillUnmount
FNDA:3,getLabelFromNode
FNDA:3,getLabelFromProps
FNDA:5,(anonymous_24)
FNDA:0,getDropdownContainer
FNDA:6,getSearchPlaceholderElement
FNDA:6,getInputElement
FNDA:0,getInputDOMNode
FNDA:0,getPopupDOMNode
FNDA:0,getPopupComponentRefs
FNDA:6,getValue
FNDA:0,(anonymous_32)
FNDA:0,(anonymous_33)
FNDA:0,mapLabVal
FNDA:0,(anonymous_35)
FNDA:0,(anonymous_36)
FNDA:0,(anonymous_37)
FNDA:0,(anonymous_38)
FNDA:0,getCheckedNodes
FNDA:0,(anonymous_40)
FNDA:0,(anonymous_41)
FNDA:0,(anonymous_42)
FNDA:0,(anonymous_43)
FNDA:0,getDeselectedValue
FNDA:0,(anonymous_45)
FNDA:0,(anonymous_46)
FNDA:0,(anonymous_47)
FNDA:0,setOpenState
FNDA:0,(anonymous_49)
FNDA:0,clearSearchInput
FNDA:6,addLabelToValue
FNDA:0,(anonymous_52)
FNDA:3,(anonymous_53)
FNDA:0,clearDelayTimer
FNDA:0,openIfHasChildren
FNDA:6,isLabelInValue
FNDA:0,focus
FNDA:0,blur
FNDA:6,renderTopControlNode
FNDA:0,(anonymous_60)
FNDA:6,renderTreeData
FNDA:6,render
FNDA:0,onDropdownVisibleChange
FNDA:5,_initialiseProps
FNDA:0,(anonymous_65)
FNDA:0,(anonymous_66)
FNDA:2,(anonymous_67)
FNDA:0,(anonymous_68)
FNDA:0,(anonymous_69)
FNDA:0,(anonymous_70)
FNDA:0,(anonymous_71)
FNDA:0,(anonymous_72)
FNDA:0,(anonymous_73)
FNDA:0,(anonymous_74)
FNDA:0,(anonymous_75)
FNDA:0,(anonymous_76)
FNDA:0,(anonymous_77)
FNDA:0,(anonymous_78)
FNDA:0,(anonymous_79)
FNDA:0,(anonymous_80)
FNDA:0,(anonymous_81)
FNDA:0,(anonymous_82)
FNDA:0,(anonymous_83)
FNDA:0,(anonymous_84)
FNDA:0,(anonymous_85)
FNDA:0,(anonymous_86)
FNDA:0,(anonymous_87)
FNDA:0,(anonymous_88)
FNDA:0,(anonymous_89)
FNDA:0,(anonymous_90)
FNDA:0,(anonymous_91)
FNDA:0,(anonymous_92)
FNDA:0,(anonymous_93)
FNDA:0,(anonymous_94)
FNDA:0,(anonymous_95)
FNDA:0,(anonymous_96)
DA:3,1
DA:7,362
DA:9,1
DA:11,1
DA:13,1
DA:15,1
DA:17,1
DA:19,1
DA:21,1
DA:23,1
DA:25,1
DA:27,1
DA:29,1
DA:31,1
DA:33,1
DA:35,1
DA:37,1
DA:39,1
DA:41,1
DA:43,1
DA:45,1
DA:47,1
DA:49,1
DA:51,9
DA:53,5
DA:55,42
DA:57,5
DA:59,5
DA:61,5
DA:63,1
DA:65,15
DA:67,1
DA:69,1
DA:70,0
DA:73,1
DA:74,3
DA:76,3
DA:77,5
DA:79,5
DA:88,5
DA:96,5
DA:97,5
DA:98,0
DA:104,5
DA:106,5
DA:110,1
DA:111,1
DA:113,1
DA:114,5
DA:116,5
DA:118,5
DA:120,5
DA:121,5
DA:122,1
DA:124,4
DA:127,5
DA:128,5
DA:129,5
DA:130,5
DA:134,5
DA:140,5
DA:143,1
DA:144,5
DA:148,5
DA:149,0
DA:150,0
DA:151,0
DA:152,0
DA:154,0
DA:157,5
DA:158,0
DA:162,1
DA:164,1
DA:167,1
DA:168,1
DA:170,0
DA:171,0
DA:174,1
DA:175,1
DA:176,1
DA:177,1
DA:178,1
DA:187,1
DA:188,0
DA:192,1
DA:193,0
DA:199,1
DA:200,1
DA:201,0
DA:202,0
DA:206,1
DA:207,1
DA:208,1
DA:209,1
DA:210,0
DA:211,0
DA:212,0
DA:213,0
DA:215,0
DA:220,1
DA:221,0
DA:222,0
DA:223,0
DA:224,0
DA:225,0
DA:232,1
DA:233,3
DA:236,1
DA:237,3
DA:239,3
DA:240,0
DA:242,3
DA:243,3
DA:244,5
DA:245,3
DA:248,3
DA:249,0
DA:251,3
DA:254,1
DA:255,0
DA:256,0
DA:257,0
DA:259,0
DA:262,1
DA:263,6
DA:264,6
DA:265,6
DA:266,0
DA:268,6
DA:270,6
DA:271,0
DA:281,6
DA:284,1
DA:285,6
DA:286,6
DA:290,6
DA:315,1
DA:316,0
DA:319,1
DA:320,0
DA:323,1
DA:324,0
DA:327,1
DA:328,6
DA:330,6
DA:332,6
DA:334,6
DA:335,6
DA:336,0
DA:337,0
DA:338,0
DA:339,0
DA:340,0
DA:342,0
DA:347,6
DA:348,6
DA:350,0
DA:351,0
DA:352,0
DA:363,0
DA:364,0
DA:366,0
DA:368,0
DA:369,0
DA:370,0
DA:376,0
DA:377,0
DA:378,0
DA:379,0
DA:380,0
DA:381,0
DA:382,0
DA:384,0
DA:385,0
DA:388,0
DA:389,0
DA:392,0
DA:395,1
DA:397,0
DA:400,0
DA:401,0
DA:403,0
DA:404,0
DA:405,0
DA:406,0
DA:407,0
DA:408,0
DA:410,0
DA:411,0
DA:413,0
DA:416,0
DA:417,0
DA:420,0
DA:423,1
DA:424,0
DA:425,0
DA:426,0
DA:427,0
DA:428,0
DA:431,0
DA:432,0
DA:433,0
DA:434,0
DA:436,0
DA:438,0
DA:439,0
DA:441,0
DA:442,0
DA:443,0
DA:445,0
DA:448,1
DA:449,0
DA:451,0
DA:453,0
DA:454,0
DA:460,0
DA:461,0
DA:463,0
DA:466,0
DA:467,0
DA:468,0
DA:469,0
DA:470,0
DA:472,0
DA:473,0
DA:479,1
DA:480,0
DA:481,0
DA:482,0
DA:486,1
DA:487,6
DA:489,6
DA:490,6
DA:491,0
DA:492,0
DA:493,0
DA:497,0
DA:499,0
DA:502,6
DA:503,3
DA:509,6
DA:512,1
DA:513,0
DA:514,0
DA:515,0
DA:519,1
DA:520,0
DA:521,0
DA:522,0
DA:529,1
DA:530,6
DA:535,6
DA:536,0
DA:538,6
DA:541,1
DA:542,0
DA:543,0
DA:545,0
DA:549,1
DA:550,0
DA:551,0
DA:553,0
DA:557,1
DA:558,6
DA:560,6
DA:562,6
DA:563,6
DA:568,6
DA:569,6
DA:577,6
DA:578,3
DA:588,6
DA:595,0
DA:596,0
DA:597,0
DA:598,0
DA:599,0
DA:600,0
DA:601,0
DA:603,0
DA:625,0
DA:633,0
DA:634,0
DA:635,0
DA:646,0
DA:653,1
DA:655,6
DA:656,6
DA:657,4
DA:659,1
DA:660,1
DA:662,3
DA:663,3
DA:665,3
DA:666,0
DA:671,0
DA:672,0
DA:674,0
DA:676,3
DA:680,1
DA:681,6
DA:683,6
DA:684,6
DA:685,6
DA:686,6
DA:691,6
DA:692,6
DA:693,6
DA:694,6
DA:699,6
DA:701,6
DA:706,6
DA:765,1
DA:768,1
DA:775,1
DA:792,0
DA:813,1
DA:814,5
DA:816,5
DA:817,0
DA:819,0
DA:820,0
DA:825,0
DA:826,0
DA:828,0
DA:831,5
DA:832,0
DA:833,0
DA:835,0
DA:839,0
DA:840,0
DA:844,0
DA:847,5
DA:849,2
DA:854,2
DA:855,0
DA:859,5
DA:860,0
DA:861,0
DA:862,0
DA:864,0
DA:865,0
DA:866,0
DA:867,0
DA:868,0
DA:869,0
DA:873,5
DA:874,0
DA:875,0
DA:876,0
DA:878,0
DA:879,0
DA:880,0
DA:881,0
DA:882,0
DA:883,0
DA:884,0
DA:886,0
DA:888,0
DA:889,0
DA:890,0
DA:891,0
DA:892,0
DA:893,0
DA:895,0
DA:896,0
DA:897,0
DA:898,0
DA:899,0
DA:901,0
DA:905,5
DA:906,0
DA:907,0
DA:908,0
DA:910,0
DA:911,0
DA:912,0
DA:913,0
DA:914,0
DA:915,0
DA:916,0
DA:917,0
DA:922,0
DA:923,0
DA:924,0
DA:925,0
DA:926,0
DA:927,0
DA:928,0
DA:934,0
DA:935,0
DA:937,0
DA:939,0
DA:945,0
DA:946,0
DA:947,0
DA:949,0
DA:953,0
DA:956,0
DA:960,0
DA:961,0
DA:963,0
DA:964,0
DA:965,0
DA:966,0
DA:968,0
DA:971,0
DA:972,0
DA:973,0
DA:979,5
DA:980,0
DA:981,0
DA:982,0
DA:984,0
DA:988,5
DA:989,0
DA:992,5
DA:993,0
DA:994,0
DA:995,0
DA:996,0
DA:998,0
DA:999,0
DA:1000,0
DA:1001,0
DA:1002,0
DA:1003,0
DA:1004,0
DA:1007,0
DA:1010,0
DA:1015,5
DA:1016,0
DA:1019,5
DA:1020,0
DA:1021,0
DA:1022,0
DA:1024,0
DA:1025,0
DA:1026,0
DA:1027,0
DA:1032,0
DA:1033,0
DA:1034,0
DA:1035,0
DA:1037,0
DA:1039,0
DA:1041,0
DA:1042,0
DA:1043,0
DA:1044,0
DA:1049,0
DA:1051,0
DA:1052,0
DA:1053,0
DA:1054,0
DA:1055,0
DA:1060,0
DA:1063,5
DA:1064,0
DA:1065,0
DA:1066,0
DA:1068,0
DA:1069,0
DA:1071,0
DA:1072,0
DA:1074,0
DA:1075,0
DA:1076,0
DA:1078,0
DA:1079,0
DA:1080,0
DA:1081,0
DA:1082,0
DA:1084,0
DA:1085,0
DA:1087,0
DA:1088,0
DA:1089,0
DA:1090,0
DA:1092,0
DA:1096,0
DA:1097,0
DA:1098,0
DA:1100,0
DA:1101,0
DA:1102,0
DA:1103,0
DA:1104,0
DA:1105,0
DA:1107,0
DA:1111,0
DA:1112,0
DA:1114,0
DA:1115,0
DA:1116,0
DA:1119,0
DA:1120,0
DA:1123,0
DA:1124,0
DA:1125,0
DA:1126,0
DA:1128,0
DA:1129,0
DA:1133,0
DA:1134,0
DA:1135,0
DA:1136,0
DA:1137,0
DA:1139,0
DA:1150,1
DA:1151,1
DA:1152,1
DA:1154,1
DA:1155,1
LF:514
LH:191
BRDA:7,1,0,1
BRDA:7,1,1,1
BRDA:7,2,0,362
BRDA:7,2,1,0
BRDA:51,3,0,0
BRDA:51,3,1,9
BRDA:51,4,0,9
BRDA:51,4,1,9
BRDA:53,5,0,0
BRDA:53,5,1,5
BRDA:53,6,0,5
BRDA:53,6,1,5
BRDA:53,6,2,0
BRDA:55,7,0,0
BRDA:55,7,1,42
BRDA:57,8,0,3
BRDA:57,8,1,0
BRDA:59,9,0,0
BRDA:59,9,1,5
BRDA:61,10,0,0
BRDA:61,10,1,5
BRDA:61,11,0,0
BRDA:61,11,1,5
BRDA:61,12,0,5
BRDA:61,12,1,0
BRDA:61,12,2,0
BRDA:63,13,0,0
BRDA:63,13,1,1
BRDA:63,14,0,1
BRDA:63,14,1,0
BRDA:63,15,0,1
BRDA:63,15,1,1
BRDA:63,16,0,1
BRDA:63,16,1,0
BRDA:63,17,0,0
BRDA:63,17,1,1
BRDA:65,18,0,15
BRDA:65,18,1,0
BRDA:65,19,0,0
BRDA:65,19,1,0
BRDA:74,20,0,0
BRDA:74,20,1,3
BRDA:74,21,0,3
BRDA:74,21,1,0
BRDA:92,22,0,5
BRDA:92,22,1,0
BRDA:92,22,2,0
BRDA:93,23,0,5
BRDA:93,23,1,5
BRDA:94,24,0,0
BRDA:94,24,1,5
BRDA:97,25,0,0
BRDA:97,25,1,5
BRDA:97,26,0,5
BRDA:97,26,1,0
BRDA:121,27,0,1
BRDA:121,27,1,4
BRDA:129,28,0,0
BRDA:129,28,1,5
BRDA:130,29,0,5
BRDA:130,29,1,5
BRDA:137,30,0,5
BRDA:137,30,1,5
BRDA:148,31,0,0
BRDA:148,31,1,5
BRDA:150,32,0,0
BRDA:150,32,1,0
BRDA:157,33,0,0
BRDA:157,33,1,5
BRDA:157,34,0,5
BRDA:157,34,1,0
BRDA:167,35,0,1
BRDA:167,35,1,1
BRDA:167,35,2,0
BRDA:168,36,0,0
BRDA:168,36,1,1
BRDA:168,37,0,1
BRDA:168,37,1,1
BRDA:170,38,0,0
BRDA:170,38,1,0
BRDA:174,39,0,1
BRDA:174,39,1,0
BRDA:187,40,0,0
BRDA:187,40,1,1
BRDA:192,41,0,0
BRDA:192,41,1,1
BRDA:200,42,0,0
BRDA:200,42,1,1
BRDA:200,43,0,1
BRDA:200,43,1,0
BRDA:200,43,2,0
BRDA:200,43,3,0
BRDA:209,44,0,0
BRDA:209,44,1,1
BRDA:209,45,0,1
BRDA:209,45,1,0
BRDA:211,46,0,0
BRDA:211,46,1,0
BRDA:222,47,0,0
BRDA:222,47,1,0
BRDA:239,48,0,0
BRDA:239,48,1,3
BRDA:243,49,0,3
BRDA:243,49,1,0
BRDA:244,50,0,3
BRDA:244,50,1,2
BRDA:248,51,0,0
BRDA:248,51,1,3
BRDA:255,52,0,0
BRDA:255,52,1,0
BRDA:265,53,0,0
BRDA:265,53,1,6
BRDA:266,54,0,0
BRDA:266,54,1,0
BRDA:270,55,0,0
BRDA:270,55,1,6
BRDA:274,56,0,0
BRDA:274,56,1,0
BRDA:311,57,0,0
BRDA:311,57,1,6
BRDA:330,58,0,5
BRDA:330,58,1,1
BRDA:330,59,0,6
BRDA:330,59,1,5
BRDA:334,60,0,6
BRDA:334,60,1,6
BRDA:334,60,2,6
BRDA:334,60,3,1
BRDA:334,60,4,6
BRDA:335,61,0,0
BRDA:335,61,1,6
BRDA:335,62,0,6
BRDA:335,62,1,0
BRDA:335,62,2,0
BRDA:339,63,0,0
BRDA:339,63,1,0
BRDA:347,64,0,6
BRDA:347,64,1,0
BRDA:347,65,0,6
BRDA:347,65,1,0
BRDA:347,65,2,0
BRDA:347,65,3,0
BRDA:351,66,0,0
BRDA:351,66,1,0
BRDA:351,67,0,0
BRDA:351,67,1,0
BRDA:351,67,2,0
BRDA:351,67,3,0
BRDA:351,67,4,0
BRDA:363,68,0,0
BRDA:363,68,1,0
BRDA:378,69,0,0
BRDA:378,69,1,0
BRDA:380,70,0,0
BRDA:380,70,1,0
BRDA:400,71,0,0
BRDA:400,71,1,0
BRDA:400,72,0,0
BRDA:400,72,1,0
BRDA:404,73,0,0
BRDA:404,73,1,0
BRDA:406,74,0,0
BRDA:406,74,1,0
BRDA:427,75,0,0
BRDA:427,75,1,0
BRDA:434,76,0,0
BRDA:434,76,1,0
BRDA:434,77,0,0
BRDA:434,77,1,0
BRDA:451,78,0,0
BRDA:451,78,1,0
BRDA:451,79,0,0
BRDA:451,79,1,0
BRDA:460,80,0,0
BRDA:460,80,1,0
BRDA:466,81,0,0
BRDA:466,81,1,0
BRDA:466,82,0,0
BRDA:466,82,1,0
BRDA:467,83,0,0
BRDA:467,83,1,0
BRDA:467,84,0,0
BRDA:467,84,1,0
BRDA:469,85,0,0
BRDA:469,85,1,0
BRDA:469,86,0,0
BRDA:469,86,1,0
BRDA:472,87,0,0
BRDA:472,87,1,0
BRDA:481,88,0,0
BRDA:481,88,1,0
BRDA:490,89,0,0
BRDA:490,89,1,6
BRDA:492,90,0,0
BRDA:492,90,1,0
BRDA:499,91,0,0
BRDA:499,91,1,0
BRDA:513,92,0,0
BRDA:513,92,1,0
BRDA:521,93,0,0
BRDA:521,93,1,0
BRDA:521,94,0,0
BRDA:521,94,1,0
BRDA:535,95,0,0
BRDA:535,95,1,6
BRDA:535,96,0,6
BRDA:535,96,1,0
BRDA:538,97,0,6
BRDA:538,97,1,6
BRDA:542,98,0,0
BRDA:542,98,1,0
BRDA:550,99,0,0
BRDA:550,99,1,0
BRDA:568,100,0,6
BRDA:568,100,1,0
BRDA:577,101,0,3
BRDA:577,101,1,3
BRDA:596,102,0,0
BRDA:596,102,1,0
BRDA:600,103,0,0
BRDA:600,103,1,0
BRDA:600,104,0,0
BRDA:600,104,1,0
BRDA:600,104,2,0
BRDA:634,105,0,0
BRDA:634,105,1,0
BRDA:634,106,0,0
BRDA:634,106,1,0
BRDA:655,107,0,6
BRDA:655,107,1,5
BRDA:656,108,0,4
BRDA:656,108,1,2
BRDA:657,109,0,1
BRDA:657,109,1,3
BRDA:657,110,0,4
BRDA:657,110,1,1
BRDA:657,110,2,1
BRDA:665,111,0,0
BRDA:665,111,1,3
BRDA:671,112,0,0
BRDA:671,112,1,0
BRDA:693,113,0,6
BRDA:693,113,1,0
BRDA:699,114,0,6
BRDA:699,114,1,6
BRDA:742,115,0,0
BRDA:742,115,1,6
BRDA:749,116,0,0
BRDA:749,116,1,6
BRDA:749,117,0,6
BRDA:749,117,1,0
BRDA:749,117,2,0
BRDA:750,118,0,0
BRDA:750,118,1,6
BRDA:750,119,0,6
BRDA:750,119,1,6
BRDA:759,120,0,0
BRDA:759,120,1,6
BRDA:759,121,0,0
BRDA:759,121,1,0
BRDA:819,122,0,0
BRDA:819,122,1,0
BRDA:819,123,0,0
BRDA:819,123,1,0
BRDA:821,124,0,0
BRDA:821,124,1,0
BRDA:839,125,0,0
BRDA:839,125,1,0
BRDA:839,126,0,0
BRDA:839,126,1,0
BRDA:849,127,0,0
BRDA:849,127,1,2
BRDA:849,128,0,2
BRDA:849,128,1,0
BRDA:861,129,0,0
BRDA:861,129,1,0
BRDA:865,130,0,0
BRDA:865,130,1,0
BRDA:865,131,0,0
BRDA:865,131,1,0
BRDA:867,132,0,0
BRDA:867,132,1,0
BRDA:867,133,0,0
BRDA:867,133,1,0
BRDA:875,134,0,0
BRDA:875,134,1,0
BRDA:880,135,0,0
BRDA:880,135,1,0
BRDA:880,136,0,0
BRDA:880,136,1,0
BRDA:880,136,2,0
BRDA:882,137,0,0
BRDA:882,137,1,0
BRDA:884,138,0,0
BRDA:884,138,1,0
BRDA:888,139,0,0
BRDA:888,139,1,0
BRDA:889,140,0,0
BRDA:889,140,1,0
BRDA:895,141,0,0
BRDA:895,141,1,0
BRDA:896,142,0,0
BRDA:896,142,1,0
BRDA:906,143,0,0
BRDA:906,143,1,0
BRDA:916,144,0,0
BRDA:916,144,1,0
BRDA:924,145,0,0
BRDA:924,145,1,0
BRDA:926,146,0,0
BRDA:926,146,1,0
BRDA:934,147,0,0
BRDA:934,147,1,0
BRDA:945,148,0,0
BRDA:945,148,1,0
BRDA:945,149,0,0
BRDA:945,149,1,0
BRDA:960,150,0,0
BRDA:960,150,1,0
BRDA:963,151,0,0
BRDA:963,151,1,0
BRDA:963,152,0,0
BRDA:963,152,1,0
BRDA:972,153,0,0
BRDA:972,153,1,0
BRDA:981,154,0,0
BRDA:981,154,1,0
BRDA:995,155,0,0
BRDA:995,155,1,0
BRDA:1001,156,0,0
BRDA:1001,156,1,0
BRDA:1001,157,0,0
BRDA:1001,157,1,0
BRDA:1003,158,0,0
BRDA:1003,158,1,0
BRDA:1021,159,0,0
BRDA:1021,159,1,0
BRDA:1025,160,0,0
BRDA:1025,160,1,0
BRDA:1025,161,0,0
BRDA:1025,161,1,0
BRDA:1025,161,2,0
BRDA:1025,161,3,0
BRDA:1025,162,0,0
BRDA:1025,162,1,0
BRDA:1034,163,0,0
BRDA:1034,163,1,0
BRDA:1041,164,0,0
BRDA:1041,164,1,0
BRDA:1043,165,0,0
BRDA:1043,165,1,0
BRDA:1051,166,0,0
BRDA:1051,166,1,0
BRDA:1052,167,0,0
BRDA:1052,167,1,0
BRDA:1052,168,0,0
BRDA:1052,168,1,0
BRDA:1071,169,0,0
BRDA:1071,169,1,0
BRDA:1071,170,0,0
BRDA:1071,170,1,0
BRDA:1075,171,0,0
BRDA:1075,171,1,0
BRDA:1080,172,0,0
BRDA:1080,172,1,0
BRDA:1087,173,0,0
BRDA:1087,173,1,0
BRDA:1087,174,0,0
BRDA:1087,174,1,0
BRDA:1089,175,0,0
BRDA:1089,175,1,0
BRDA:1096,176,0,0
BRDA:1096,176,1,0
BRDA:1096,177,0,0
BRDA:1096,177,1,0
BRDA:1097,178,0,0
BRDA:1097,178,1,0
BRDA:1100,179,0,0
BRDA:1100,179,1,0
BRDA:1100,180,0,0
BRDA:1100,180,1,0
BRDA:1102,181,0,0
BRDA:1102,181,1,0
BRDA:1104,182,0,0
BRDA:1104,182,1,0
BRDA:1114,183,0,0
BRDA:1114,183,1,0
BRDA:1119,184,0,0
BRDA:1119,184,1,0
BRDA:1124,185,0,0
BRDA:1124,185,1,0
BRDA:1133,186,0,0
BRDA:1133,186,1,0
BRDA:1135,187,0,0
BRDA:1135,187,1,0
BRDA:1139,188,0,0
BRDA:1139,188,1,0
BRDA:1141,189,0,0
BRDA:1141,189,1,0
BRF:399
BRH:103
end_of_record
TN:
SF:D:\project\uxcore-tree-select\src\SelectTrigger.jsx
FN:7,(anonymous_1)
FN:49,_interopRequireDefault
FN:51,_defaults
FN:53,_defineProperty
FN:55,_classCallCheck
FN:57,_possibleConstructorReturn
FN:59,_inherits
FN:80,(anonymous_8)
FN:83,SelectTrigger
FN:96,(anonymous_10)
FN:98,(anonymous_11)
FN:103,(anonymous_12)
FN:109,(anonymous_13)
FN:116,(anonymous_14)
FN:131,componentDidMount
FN:135,componentWillReceiveProps
FN:145,componentDidUpdate
FN:149,setDropdownWidth
FN:156,getPopupEleRefs
FN:160,getPopupDOMNode
FN:164,getDropdownTransitionName
FN:173,getDropdownPrefixCls
FN:177,filterSelectedTreeNode
FN:184,processSelectedTreeNode
FN:191,(anonymous_25)
FN:194,(anonymous_26)
FN:203,(anonymous_27)
FN:205,(anonymous_28)
FN:215,(anonymous_29)
FN:229,recursive
FN:230,(anonymous_31)
FN:242,processTreeNode
FN:247,(anonymous_33)
FN:256,(anonymous_34)
FN:258,(anonymous_35)
FN:267,(anonymous_36)
FN:275,recursive
FN:276,(anonymous_38)
FN:286,renderRightTree
FN:300,recursive
FN:303,handler
FN:329,renderRightDropdown
FN:393,renderTree
FN:453,render
FN:467,recursive
FN:469,handler
FN:503,(anonymous_47)
FN:504,(anonymous_48)
FN:509,(anonymous_49)
FNF:49
FNH:34
FNDA:33,(anonymous_1)
FNDA:9,_interopRequireDefault
FNDA:1,_defaults
FNDA:22,_defineProperty
FNDA:5,_classCallCheck
FNDA:10,_possibleConstructorReturn
FNDA:1,_inherits
FNDA:1,(anonymous_8)
FNDA:5,SelectTrigger
FNDA:0,(anonymous_10)
FNDA:0,(anonymous_11)
FNDA:0,(anonymous_12)
FNDA:0,(anonymous_13)
FNDA:0,(anonymous_14)
FNDA:5,componentDidMount
FNDA:1,componentWillReceiveProps
FNDA:6,componentDidUpdate
FNDA:11,setDropdownWidth
FNDA:0,getPopupEleRefs
FNDA:0,getPopupDOMNode
FNDA:11,getDropdownTransitionName
FNDA:22,getDropdownPrefixCls
FNDA:12,filterSelectedTreeNode
FNDA:11,processSelectedTreeNode
FNDA:5,(anonymous_25)
FNDA:12,(anonymous_26)
FNDA:5,(anonymous_27)
FNDA:5,(anonymous_28)
FNDA:12,(anonymous_29)
FNDA:11,recursive
FNDA:5,(anonymous_31)
FNDA:0,processTreeNode
FNDA:0,(anonymous_33)
FNDA:0,(anonymous_34)
FNDA:0,(anonymous_35)
FNDA:0,(anonymous_36)
FNDA:0,recursive
FNDA:0,(anonymous_38)
FNDA:5,renderRightTree
FNDA:5,recursive
FNDA:5,handler
FNDA:11,renderRightDropdown
FNDA:7,renderTree
FNDA:11,render
FNDA:10,recursive
FNDA:10,handler
FNDA:12,(anonymous_47)
FNDA:8,(anonymous_48)
FNDA:0,(anonymous_49)
DA:3,1
DA:7,234
DA:9,1
DA:11,1
DA:13,1
DA:15,1
DA:17,1
DA:19,1
DA:21,1
DA:23,1
DA:25,1
DA:27,1
DA:29,1
DA:31,1
DA:33,1
DA:35,1
DA:37,1
DA:39,1
DA:41,1
DA:43,1
DA:45,1
DA:47,1
DA:49,9
DA:51,5
DA:53,22
DA:55,5
DA:57,10
DA:59,1
DA:61,1
DA:80,1
DA:81,1
DA:83,1
DA:84,5
DA:86,5
DA:88,5
DA:89,15
DA:92,5
DA:97,0
DA:100,0
DA:105,0
DA:106,0
DA:110,0
DA:111,0
DA:112,0
DA:113,0
DA:115,0
DA:117,0
DA:118,0
DA:120,0
DA:121,0
DA:122,0
DA:124,0
DA:125,0
DA:127,0
DA:131,1
DA:132,5
DA:135,1
DA:136,1
DA:138,0
DA:145,1
DA:146,6
DA:149,1
DA:150,11
DA:151,11
DA:152,5
DA:156,1
DA:157,0
DA:160,1
DA:161,0
DA:164,1
DA:165,11
DA:166,11
DA:167,11
DA:168,0
DA:170,11
DA:173,1
DA:174,22
DA:177,1
DA:178,12
DA:179,5
DA:181,7
DA:184,1
DA:185,11
DA:188,11
DA:189,11
DA:191,11
DA:192,5
DA:194,11
DA:195,12
DA:196,5
DA:202,11
DA:203,11
DA:204,5
DA:205,5
DA:206,5
DA:207,5
DA:208,5
DA:210,5
DA:214,11
DA:215,11
DA:216,12
DA:217,5
DA:219,5
DA:220,0
DA:222,5
DA:227,11
DA:229,11
DA:230,11
DA:231,5
DA:232,0
DA:235,5
DA:239,11
DA:242,1
DA:243,0
DA:245,0
DA:246,0
DA:247,0
DA:248,0
DA:249,0
DA:250,0
DA:255,0
DA:256,0
DA:257,0
DA:258,0
DA:259,0
DA:260,0
DA:261,0
DA:263,0
DA:266,0
DA:267,0
DA:268,0
DA:269,0
DA:273,0
DA:275,0
DA:276,0
DA:277,0
DA:278,0
DA:280,0
DA:283,0
DA:286,1
DA:287,5
DA:289,5
DA:300,5
DA:301,5
DA:305,5
DA:307,0
DA:315,5
DA:322,5
DA:329,1
DA:330,11
DA:338,11
DA:340,11
DA:342,11
DA:343,0
DA:349,11
DA:351,11
DA:358,11
DA:368,11
DA:393,1
DA:394,7
DA:396,7
DA:406,7
DA:407,0
DA:408,0
DA:409,0
DA:410,0
DA:411,0
DA:413,0
DA:415,0
DA:417,0
DA:418,0
DA:420,0
DA:423,7
DA:424,7
DA:428,7
DA:429,7
DA:431,7
DA:432,7
DA:433,7
DA:434,0
DA:436,7
DA:437,0
DA:438,0
DA:442,7
DA:443,0
DA:446,7
DA:453,1
DA:454,11
DA:456,11
DA:457,11
DA:458,11
DA:459,11
DA:460,11
DA:461,11
DA:467,11
DA:469,10
DA:471,10
DA:472,0
DA:474,10
DA:476,0
DA:482,10
DA:486,11
DA:487,11
DA:488,1
DA:490,10
DA:491,10
DA:495,11
DA:496,0
DA:499,11
DA:501,11
DA:502,11
DA:503,11
DA:504,12
DA:505,8
DA:507,5
DA:509,12
DA:510,0
DA:512,0
DA:516,11
DA:517,11
DA:518,4
DA:519,4
DA:524,0
DA:525,0
DA:528,11
DA:540,11
DA:541,11
DA:542,11
DA:543,0
DA:546,11
DA:567,1
DA:570,1
DA:588,1
DA:589,1
LF:234
LH:161
BRDA:7,1,0,1
BRDA:7,1,1,1
BRDA:7,2,0,234
BRDA:7,2,1,0
BRDA:49,3,0,1
BRDA:49,3,1,8
BRDA:49,4,0,9
BRDA:49,4,1,9
BRDA:51,5,0,0
BRDA:51,5,1,5
BRDA:51,6,0,5
BRDA:51,6,1,5
BRDA:51,6,2,0
BRDA:53,7,0,0
BRDA:53,7,1,22
BRDA:55,8,0,0
BRDA:55,8,1,5
BRDA:57,9,0,0
BRDA:57,9,1,10
BRDA:57,10,0,5
BRDA:57,10,1,5
BRDA:57,11,0,10
BRDA:57,11,1,5
BRDA:57,11,2,0
BRDA:59,12,0,0
BRDA:59,12,1,1
BRDA:59,13,0,1
BRDA:59,13,1,0
BRDA:59,14,0,1
BRDA:59,14,1,1
BRDA:59,15,0,1
BRDA:59,15,1,0
BRDA:59,16,0,0
BRDA:59,16,1,1
BRDA:105,17,0,0
BRDA:105,17,1,0
BRDA:105,18,0,0
BRDA:105,18,1,0
BRDA:112,19,0,0
BRDA:112,19,1,0
BRDA:113,20,0,0
BRDA:113,20,1,0
BRDA:117,21,0,0
BRDA:117,21,1,0
BRDA:121,22,0,0
BRDA:121,22,1,0
BRDA:124,23,0,0
BRDA:124,23,1,0
BRDA:136,24,0,0
BRDA:136,24,1,1
BRDA:136,25,0,1
BRDA:136,25,1,0
BRDA:151,26,0,5
BRDA:151,26,1,6
BRDA:167,27,0,0
BRDA:167,27,1,11
BRDA:167,28,0,11
BRDA:167,28,1,0
BRDA:178,29,0,5
BRDA:178,29,1,7
BRDA:195,30,0,5
BRDA:195,30,1,7
BRDA:207,31,0,5
BRDA:207,31,1,0
BRDA:216,32,0,5
BRDA:216,32,1,7
BRDA:219,33,0,0
BRDA:219,33,1,5
BRDA:219,34,0,5
BRDA:219,34,1,5
BRDA:231,35,0,0
BRDA:231,35,1,5
BRDA:248,36,0,0
BRDA:248,36,1,0
BRDA:260,37,0,0
BRDA:260,37,1,0
BRDA:268,38,0,0
BRDA:268,38,1,0
BRDA:277,39,0,0
BRDA:277,39,1,0
BRDA:292,40,0,5
BRDA:292,40,1,5
BRDA:292,40,2,5
BRDA:305,41,0,0
BRDA:305,41,1,5
BRDA:305,42,0,5
BRDA:305,42,1,5
BRDA:342,43,0,0
BRDA:342,43,1,11
BRDA:349,44,0,11
BRDA:349,44,1,6
BRDA:385,45,0,5
BRDA:385,45,1,6
BRDA:385,46,0,11
BRDA:385,46,1,11
BRDA:389,47,0,6
BRDA:389,47,1,5
BRDA:406,48,0,0
BRDA:406,48,1,7
BRDA:411,49,0,0
BRDA:411,49,1,0
BRDA:417,50,0,0
BRDA:417,50,1,0
BRDA:417,51,0,0
BRDA:417,51,1,0
BRDA:428,52,0,7
BRDA:428,52,1,0
BRDA:428,53,0,7
BRDA:428,53,1,7
BRDA:428,53,2,7
BRDA:433,54,0,0
BRDA:433,54,1,7
BRDA:433,55,0,7
BRDA:433,55,1,0
BRDA:436,56,0,0
BRDA:436,56,1,7
BRDA:442,57,0,0
BRDA:442,57,1,7
BRDA:459,58,0,0
BRDA:459,58,1,11
BRDA:461,59,0,9
BRDA:461,59,1,2
BRDA:461,60,0,11
BRDA:461,60,1,11
BRDA:461,60,2,11
BRDA:471,61,0,0
BRDA:471,61,1,10
BRDA:474,62,0,0
BRDA:474,62,1,10
BRDA:474,63,0,10
BRDA:474,63,1,10
BRDA:487,64,0,1
BRDA:487,64,1,10
BRDA:487,65,0,11
BRDA:487,65,1,1
BRDA:490,66,0,10
BRDA:490,66,1,4
BRDA:495,67,0,0
BRDA:495,67,1,11
BRDA:499,68,0,11
BRDA:499,68,1,0
BRDA:504,69,0,5
BRDA:504,69,1,7
BRDA:509,70,0,0
BRDA:509,70,1,12
BRDA:509,71,0,12
BRDA:509,71,1,0
BRDA:517,72,0,4
BRDA:517,72,1,7
BRDA:518,73,0,4
BRDA:518,73,1,0
BRDA:524,74,0,0
BRDA:524,74,1,0
BRDA:535,75,0,11
BRDA:535,75,1,7
BRDA:541,76,0,0
BRDA:541,76,1,11
BRDA:542,77,0,0
BRDA:542,77,1,11
BRDA:549,78,0,0
BRDA:549,78,1,11
BRF:161
BRH:94
end_of_record
TN:
SF:D:\project\uxcore-tree-select\src\i18n.js
FNF:0
FNH:0
DA:3,1
LF:1
LH:1
BRF:0
BRH:0
end_of_record
TN:
SF:D:\project\uxcore-tree-select\src\utils.js
FN:12,flatToHierarchy
FN:20,(anonymous_2)
FN:31,(anonymous_3)
FN:37,(anonymous_4)
FN:39,(anonymous_5)
FN:41,(anonymous_6)
FN:65,filterCheckedKeysBaseKey
FN:68,(anonymous_8)
FNF:8
FNH:2
FNDA:11,flatToHierarchy
FNDA:5,(anonymous_2)
FNDA:0,(anonymous_3)
FNDA:0,(anonymous_4)
FNDA:0,(anonymous_5)
FNDA:0,(anonymous_6)
FNDA:0,filterCheckedKeysBaseKey
FNDA:0,(anonymous_8)
DA:3,1
DA:6,1
DA:7,1
DA:9,1
DA:12,1
DA:13,11
DA:15,11
DA:16,6
DA:18,5
DA:19,5
DA:20,5
DA:21,5
DA:22,0
DA:24,5
DA:25,5
DA:26,5
DA:28,5
DA:31,5
DA:32,0
DA:37,5
DA:38,0
DA:39,0
DA:40,0
DA:41,0
DA:42,0
DA:43,0
DA:45,0
DA:46,0
DA:48,0
DA:49,0
DA:51,0
DA:54,0
DA:55,0
DA:59,0
DA:62,5
DA:65,1
DA:66,0
DA:68,0
DA:69,0
DA:71,0
LF:40
LH:20
BRDA:13,1,0,11
BRDA:13,1,1,0
BRDA:13,2,0,11
BRDA:13,2,1,11
BRDA:15,3,0,6
BRDA:15,3,1,5
BRDA:21,4,0,0
BRDA:21,4,1,5
BRDA:25,5,0,5
BRDA:25,5,1,0
BRDA:38,6,0,0
BRDA:38,6,1,0
BRDA:38,7,0,0
BRDA:38,7,1,0
BRDA:42,8,0,0
BRDA:42,8,1,0
BRDA:45,9,0,0
BRDA:45,9,1,0
BRDA:45,10,0,0
BRDA:45,10,1,0
BRDA:48,11,0,0
BRDA:48,11,1,0
BRDA:54,12,0,0
BRDA:54,12,1,0
BRDA:71,13,0,0
BRDA:71,13,1,0
BRDA:71,13,2,0
BRDA:71,13,3,0
BRDA:71,13,4,0
BRF:29
BRH:7
end_of_record
TN:
SF:D:\project\uxcore-tree-select\src\RightTreeNode.jsx
FN:23,_interopRequireDefault
FN:25,_defaults
FN:27,_defineProperty
FN:29,_classCallCheck
FN:31,_possibleConstructorReturn
FN:33,_inherits
FN:38,(anonymous_7)
FN:41,RightTreeNode
FN:46,(anonymous_9)
FN:55,(anonymous_10)
FN:67,componentWillReceiveProps
FN:75,getMaxWidth
FN:98,isSelectNode
FN:107,render
FNF:14
FNH:4
FNDA:4,_interopRequireDefault
FNDA:1,_defaults
FNDA:0,_defineProperty
FNDA:0,_classCallCheck
FNDA:0,_possibleConstructorReturn
FNDA:1,_inherits
FNDA:1,(anonymous_7)
FNDA:0,RightTreeNode
FNDA:0,(anonymous_9)
FNDA:0,(anonymous_10)
FNDA:0,componentWillReceiveProps
FNDA:0,getMaxWidth
FNDA:0,isSelectNode
FNDA:0,render
DA:3,1
DA:7,1
DA:9,1
DA:11,1
DA:13,1
DA:15,1
DA:17,1
DA:19,1
DA:21,1
DA:23,4
DA:25,5
DA:27,1
DA:29,1
DA:31,1
DA:33,1
DA:38,1
DA:39,1
DA:41,1
DA:42,0
DA:44,0
DA:46,0
DA:47,0
DA:52,0
DA:55,0
DA:56,0
DA:61,0
DA:64,0
DA:67,1
DA:68,0
DA:69,0
DA:75,1
DA:76,0
DA:84,0
DA:85,0
DA:86,0
DA:88,0
DA:89,0
DA:91,0
DA:92,0
DA:95,0
DA:98,1
DA:99,0
DA:104,0
DA:107,1
DA:108,0
DA:110,0
DA:118,0
DA:121,0
DA:122,0
DA:123,0
DA:124,0
DA:126,0
DA:128,0
DA:129,0
DA:131,0
DA:133,0
DA:143,0
DA:166,1
DA:169,1
DA:172,1
DA:177,1
DA:191,1
LF:62
LH:27
BRDA:23,1,0,0
BRDA:23,1,1,4
BRDA:23,2,0,4
BRDA:23,2,1,4
BRDA:25,3,0,0
BRDA:25,3,1,5
BRDA:25,4,0,5
BRDA:25,4,1,5
BRDA:25,4,2,0
BRDA:27,5,0,0
BRDA:27,5,1,0
BRDA:29,6,0,0
BRDA:29,6,1,0
BRDA:31,7,0,0
BRDA:31,7,1,0
BRDA:31,8,0,0
BRDA:31,8,1,0
BRDA:31,9,0,0
BRDA:31,9,1,0
BRDA:31,9,2,0
BRDA:33,10,0,0
BRDA:33,10,1,1
BRDA:33,11,0,1
BRDA:33,11,1,0
BRDA:33,12,0,1
BRDA:33,12,1,1
BRDA:33,13,0,1
BRDA:33,13,1,0
BRDA:33,14,0,0
BRDA:33,14,1,1
BRDA:62,15,0,0
BRDA:62,15,1,0
BRDA:62,15,2,0
BRDA:68,16,0,0
BRDA:68,16,1,0
BRDA:85,17,0,0
BRDA:85,17,1,0
BRDA:85,18,0,0
BRDA:85,18,1,0
BRDA:85,18,2,0
BRDA:86,19,0,0
BRDA:86,19,1,0
BRDA:88,20,0,0
BRDA:88,20,1,0
BRDA:88,21,0,0
BRDA:88,21,1,0
BRDA:89,22,0,0
BRDA:89,22,1,0
BRDA:91,23,0,0
BRDA:91,23,1,0
BRDA:122,24,0,0
BRDA:122,24,1,0
BRDA:123,25,0,0
BRDA:123,25,1,0
BRDA:124,26,0,0
BRDA:124,26,1,0
BRDA:124,27,0,0
BRDA:124,27,1,0
BRDA:149,28,0,0
BRDA:149,28,1,0
BRDA:151,29,0,0
BRDA:151,29,1,0
BRDA:151,30,0,0
BRDA:151,30,1,0
BRDA:151,30,2,0
BRDA:156,31,0,0
BRDA:156,31,1,0
BRDA:156,32,0,0
BRDA:156,32,1,0
BRDA:162,33,0,0
BRDA:162,33,1,0
BRDA:162,34,0,0
BRDA:162,34,1,0
BRF:73
BRH:12
end_of_record
