TN:
SF:/Users/dushao/project/uxcore-tree-select/src/index.js
FNF:0
FNH:0
DA:11,1
LF:1
LH:1
BRF:0
BRH:0
end_of_record
TN:
SF:/Users/dushao/project/uxcore-tree-select/src/TreeSelect.js
FN:19,_interopRequireDefault
FN:21,_defaults
FN:23,_classCallCheck
FN:25,_possibleConstructorReturn
FN:27,_inherits
FN:41,(anonymous_6)
FN:44,TreeSelect
FNF:7
FNH:7
FNDA:4,_interopRequireDefault
FNDA:1,_defaults
FNDA:35,_classCallCheck
FNDA:35,_possibleConstructorReturn
FNDA:1,_inherits
FNDA:1,(anonymous_6)
FNDA:35,TreeSelect
DA:3,1
DA:5,1
DA:7,1
DA:9,1
DA:11,1
DA:13,1
DA:15,1
DA:17,1
DA:19,4
DA:21,10
DA:23,35
DA:25,35
DA:27,1
DA:36,1
DA:37,1
DA:38,1
DA:41,1
DA:42,1
DA:44,1
DA:45,35
DA:47,35
DA:50,1
DA:53,1
DA:54,1
DA:55,1
DA:57,1
DA:68,1
DA:70,1
LF:28
LH:28
BRDA:19,1,0,1
BRDA:19,1,1,3
BRDA:19,2,0,4
BRDA:19,2,1,4
BRDA:21,3,0,5
BRDA:21,3,1,5
BRDA:21,4,0,10
BRDA:21,4,1,10
BRDA:21,4,2,5
BRDA:23,5,0,0
BRDA:23,5,1,35
BRDA:25,6,0,0
BRDA:25,6,1,35
BRDA:25,7,0,35
BRDA:25,7,1,0
BRDA:25,8,0,35
BRDA:25,8,1,35
BRDA:25,8,2,0
BRDA:27,9,0,0
BRDA:27,9,1,1
BRDA:27,10,0,1
BRDA:27,10,1,0
BRDA:27,11,0,1
BRDA:27,11,1,1
BRDA:27,12,0,1
BRDA:27,12,1,0
BRDA:27,13,0,0
BRDA:27,13,1,1
BRDA:37,14,0,1
BRDA:37,14,1,0
BRDA:59,15,0,1
BRDA:59,15,1,0
BRF:32
BRH:22
end_of_record
TN:
SF:/Users/dushao/project/uxcore-tree-select/src/Select.jsx
FN:7,(anonymous_1)
FN:51,_interopRequireDefault
FN:53,_defaults
FN:55,_defineProperty
FN:57,_toConsumableArray
FN:59,_classCallCheck
FN:61,_possibleConstructorReturn
FN:63,_inherits
FN:65,_objectWithoutProperties
FN:67,noop
FN:69,filterFn
FN:73,loopTreeData
FN:76,(anonymous_13)
FN:110,(anonymous_14)
FN:113,Select
FN:143,componentDidMount
FN:162,componentWillReceiveProps
FN:170,(anonymous_18)
FN:199,componentWillUpdate
FN:206,componentDidUpdate
FN:220,componentWillUnmount
FN:232,getLabelFromNode
FN:236,getLabelFromProps
FN:243,(anonymous_24)
FN:254,getDropdownContainer
FN:262,getSearchPlaceholderElement
FN:284,getInputElement
FN:315,getInputDOMNode
FN:319,getPopupDOMNode
FN:323,getPopupComponentRefs
FN:327,getValue
FN:338,(anonymous_32)
FN:363,(anonymous_33)
FN:368,mapLabVal
FN:369,(anonymous_35)
FN:381,(anonymous_36)
FN:384,(anonymous_37)
FN:388,(anonymous_38)
FN:395,getCheckedNodes
FN:407,(anonymous_40)
FN:410,(anonymous_41)
FN:412,(anonymous_42)
FN:416,(anonymous_43)
FN:423,getDeselectedValue
FN:426,(anonymous_45)
FN:433,(anonymous_46)
FN:442,(anonymous_47)
FN:448,setOpenState
FN:465,(anonymous_49)
FN:479,clearSearchInput
FN:486,addLabelToValue
FN:491,(anonymous_52)
FN:502,(anonymous_53)
FN:512,clearDelayTimer
FN:519,openIfHasChildren
FN:529,isLabelInValue
FN:541,focus
FN:549,blur
FN:557,renderTopControlNode
FN:597,(anonymous_60)
FN:653,renderTreeData
FN:680,render
FN:791,onDropdownVisibleChange
FN:813,_initialiseProps
FN:816,(anonymous_65)
FN:831,(anonymous_66)
FN:847,(anonymous_67)
FN:854,(anonymous_68)
FN:859,(anonymous_69)
FN:873,(anonymous_70)
FN:905,(anonymous_71)
FN:927,(anonymous_72)
FN:934,(anonymous_73)
FN:979,(anonymous_74)
FN:988,(anonymous_75)
FN:992,(anonymous_76)
FN:1006,(anonymous_77)
FN:1015,(anonymous_78)
FN:1019,(anonymous_79)
FN:1033,(anonymous_80)
FN:1053,(anonymous_81)
FN:1054,(anonymous_82)
FN:1063,(anonymous_83)
FN:1065,(anonymous_84)
FN:1068,(anonymous_85)
FN:1071,(anonymous_86)
FN:1081,(anonymous_87)
FN:1084,(anonymous_88)
FN:1088,(anonymous_89)
FN:1089,(anonymous_90)
FN:1103,(anonymous_91)
FN:1104,(anonymous_92)
FN:1112,(anonymous_93)
FN:1125,(anonymous_94)
FN:1128,(anonymous_95)
FN:1138,(anonymous_96)
FNF:96
FNH:79
FNDA:274,(anonymous_1)
FNDA:9,_interopRequireDefault
FNDA:1,_defaults
FNDA:497,_defineProperty
FNDA:46,_toConsumableArray
FNDA:35,_classCallCheck
FNDA:35,_possibleConstructorReturn
FNDA:1,_inherits
FNDA:54,_objectWithoutProperties
FNDA:36,noop
FNDA:16,filterFn
FNDA:30,loopTreeData
FNDA:54,(anonymous_13)
FNDA:1,(anonymous_14)
FNDA:35,Select
FNDA:35,componentDidMount
FNDA:4,componentWillReceiveProps
FNDA:0,(anonymous_18)
FNDA:36,componentWillUpdate
FNDA:36,componentDidUpdate
FNDA:1,componentWillUnmount
FNDA:32,getLabelFromNode
FNDA:19,getLabelFromProps
FNDA:40,(anonymous_24)
FNDA:0,getDropdownContainer
FNDA:71,getSearchPlaceholderElement
FNDA:104,getInputElement
FNDA:41,getInputDOMNode
FNDA:0,getPopupDOMNode
FNDA:0,getPopupComponentRefs
FNDA:54,getValue
FNDA:1,(anonymous_32)
FNDA:10,(anonymous_33)
FNDA:12,mapLabVal
FNDA:10,(anonymous_35)
FNDA:4,(anonymous_36)
FNDA:4,(anonymous_37)
FNDA:1,(anonymous_38)
FNDA:5,getCheckedNodes
FNDA:1,(anonymous_40)
FNDA:1,(anonymous_41)
FNDA:1,(anonymous_42)
FNDA:1,(anonymous_43)
FNDA:2,getDeselectedValue
FNDA:4,(anonymous_45)
FNDA:4,(anonymous_46)
FNDA:4,(anonymous_47)
FNDA:10,setOpenState
FNDA:10,(anonymous_49)
FNDA:7,clearSearchInput
FNDA:37,addLabelToValue
FNDA:1,(anonymous_52)
FNDA:19,(anonymous_53)
FNDA:11,clearDelayTimer
FNDA:0,openIfHasChildren
FNDA:78,isLabelInValue
FNDA:4,focus
FNDA:2,blur
FNDA:71,renderTopControlNode
FNDA:25,(anonymous_60)
FNDA:39,renderTreeData
FNDA:71,render
FNDA:10,onDropdownVisibleChange
FNDA:35,_initialiseProps
FNDA:1,(anonymous_65)
FNDA:5,(anonymous_66)
FNDA:5,(anonymous_67)
FNDA:5,(anonymous_68)
FNDA:0,(anonymous_69)
FNDA:2,(anonymous_70)
FNDA:8,(anonymous_71)
FNDA:5,(anonymous_72)
FNDA:1,(anonymous_73)
FNDA:0,(anonymous_74)
FNDA:0,(anonymous_75)
FNDA:3,(anonymous_76)
FNDA:3,(anonymous_77)
FNDA:5,(anonymous_78)
FNDA:5,(anonymous_79)
FNDA:5,(anonymous_80)
FNDA:0,(anonymous_81)
FNDA:0,(anonymous_82)
FNDA:17,(anonymous_83)
FNDA:13,(anonymous_84)
FNDA:16,(anonymous_85)
FNDA:1,(anonymous_86)
FNDA:12,(anonymous_87)
FNDA:12,(anonymous_88)
FNDA:0,(anonymous_89)
FNDA:0,(anonymous_90)
FNDA:0,(anonymous_91)
FNDA:0,(anonymous_92)
FNDA:0,(anonymous_93)
FNDA:0,(anonymous_94)
FNDA:0,(anonymous_95)
FNDA:13,(anonymous_96)
DA:3,1
DA:7,4360
DA:9,1
DA:11,1
DA:13,1
DA:15,1
DA:17,1
DA:19,1
DA:21,1
DA:23,1
DA:25,1
DA:27,1
DA:29,1
DA:31,1
DA:33,1
DA:35,1
DA:37,1
DA:39,1
DA:41,1
DA:43,1
DA:45,1
DA:47,1
DA:49,1
DA:51,9
DA:53,5
DA:55,497
DA:57,69
DA:59,35
DA:61,35
DA:63,1
DA:65,148
DA:67,1
DA:69,1
DA:70,16
DA:73,1
DA:74,30
DA:76,30
DA:77,54
DA:79,54
DA:88,54
DA:96,54
DA:97,54
DA:98,1
DA:104,53
DA:106,54
DA:110,1
DA:111,1
DA:113,1
DA:114,35
DA:116,35
DA:118,35
DA:120,35
DA:121,35
DA:122,2
DA:124,33
DA:127,35
DA:128,35
DA:129,35
DA:130,35
DA:134,35
DA:140,35
DA:143,1
DA:144,35
DA:148,35
DA:149,13
DA:150,13
DA:151,1
DA:152,1
DA:154,12
DA:157,35
DA:158,0
DA:162,1
DA:164,4
DA:167,4
DA:168,4
DA:170,2
DA:171,0
DA:174,4
DA:175,2
DA:176,2
DA:177,2
DA:178,2
DA:187,4
DA:188,0
DA:192,4
DA:193,2
DA:199,1
DA:200,36
DA:201,0
DA:202,0
DA:206,1
DA:207,36
DA:208,36
DA:209,36
DA:210,13
DA:211,13
DA:212,2
DA:213,2
DA:215,11
DA:220,1
DA:221,1
DA:222,1
DA:223,0
DA:224,0
DA:225,0
DA:232,1
DA:233,32
DA:236,1
DA:237,19
DA:239,19
DA:240,0
DA:242,19
DA:243,19
DA:244,40
DA:245,19
DA:248,19
DA:249,0
DA:251,19
DA:254,1
DA:255,0
DA:256,0
DA:257,0
DA:259,0
DA:262,1
DA:263,71
DA:264,71
DA:265,71
DA:266,33
DA:268,38
DA:270,71
DA:271,0
DA:281,71
DA:284,1
DA:285,104
DA:286,104
DA:290,104
DA:315,1
DA:316,41
DA:319,1
DA:320,0
DA:323,1
DA:324,0
DA:327,1
DA:328,54
DA:330,54
DA:332,54
DA:334,54
DA:335,54
DA:336,3
DA:337,3
DA:338,3
DA:339,1
DA:340,1
DA:342,0
DA:347,54
DA:348,42
DA:350,12
DA:351,12
DA:352,0
DA:363,12
DA:364,10
DA:366,12
DA:368,12
DA:369,12
DA:370,10
DA:376,12
DA:377,12
DA:378,12
DA:379,5
DA:380,7
DA:381,5
DA:382,4
DA:384,5
DA:385,4
DA:388,2
DA:389,1
DA:392,12
DA:395,1
DA:397,5
DA:400,5
DA:401,1
DA:403,4
DA:404,4
DA:405,2
DA:406,2
DA:407,1
DA:408,1
DA:410,1
DA:411,1
DA:413,1
DA:416,1
DA:417,1
DA:420,4
DA:423,1
DA:424,2
DA:425,2
DA:426,2
DA:427,4
DA:428,2
DA:431,2
DA:432,2
DA:433,2
DA:434,4
DA:436,2
DA:438,2
DA:439,2
DA:441,2
DA:442,2
DA:443,4
DA:445,2
DA:448,1
DA:449,10
DA:451,10
DA:453,10
DA:454,10
DA:460,10
DA:461,0
DA:463,10
DA:466,10
DA:467,5
DA:468,5
DA:469,5
DA:470,4
DA:472,0
DA:473,0
DA:479,1
DA:480,7
DA:481,7
DA:482,7
DA:486,1
DA:487,37
DA:489,37
DA:490,37
DA:491,3
DA:492,1
DA:493,0
DA:497,0
DA:499,1
DA:502,34
DA:503,19
DA:509,37
DA:512,1
DA:513,11
DA:514,0
DA:515,0
DA:519,1
DA:520,0
DA:521,0
DA:522,0
DA:529,1
DA:530,78
DA:535,78
DA:536,5
DA:538,73
DA:541,1
DA:542,4
DA:543,2
DA:545,2
DA:549,1
DA:550,2
DA:551,1
DA:553,1
DA:557,1
DA:558,71
DA:560,71
DA:562,71
DA:563,71
DA:568,71
DA:569,38
DA:577,38
DA:578,13
DA:588,38
DA:595,33
DA:596,33
DA:597,33
DA:598,25
DA:599,25
DA:600,25
DA:601,0
DA:603,25
DA:625,33
DA:633,33
DA:634,33
DA:635,33
DA:646,0
DA:653,1
DA:655,39
DA:656,39
DA:657,31
DA:659,2
DA:660,2
DA:662,29
DA:663,29
DA:665,29
DA:666,0
DA:671,0
DA:672,0
DA:674,0
DA:676,29
DA:680,1
DA:681,71
DA:683,71
DA:684,71
DA:685,71
DA:686,71
DA:691,71
DA:692,71
DA:693,71
DA:694,38
DA:699,71
DA:701,71
DA:706,71
DA:765,1
DA:768,1
DA:775,1
DA:792,10
DA:813,1
DA:814,35
DA:816,35
DA:817,1
DA:819,1
DA:820,0
DA:825,1
DA:826,1
DA:828,1
DA:831,35
DA:832,5
DA:833,5
DA:835,5
DA:839,5
DA:840,0
DA:844,5
DA:847,35
DA:849,5
DA:854,5
DA:855,5
DA:859,35
DA:860,0
DA:861,0
DA:862,0
DA:864,0
DA:865,0
DA:866,0
DA:867,0
DA:868,0
DA:869,0
DA:873,35
DA:874,2
DA:875,2
DA:876,0
DA:878,2
DA:879,2
DA:880,2
DA:881,1
DA:882,1
DA:883,1
DA:884,1
DA:886,1
DA:888,1
DA:889,0
DA:890,0
DA:891,0
DA:892,0
DA:893,0
DA:895,1
DA:896,1
DA:897,1
DA:898,1
DA:899,1
DA:901,1
DA:905,35
DA:906,8
DA:907,0
DA:908,0
DA:910,8
DA:911,8
DA:912,8
DA:913,8
DA:914,8
DA:915,8
DA:916,8
DA:917,1
DA:922,8
DA:923,8
DA:924,8
DA:925,7
DA:926,7
DA:927,5
DA:928,5
DA:934,2
DA:935,1
DA:937,0
DA:939,2
DA:945,1
DA:946,0
DA:947,0
DA:949,1
DA:953,1
DA:956,8
DA:960,8
DA:961,5
DA:963,5
DA:964,5
DA:965,5
DA:966,5
DA:968,3
DA:971,8
DA:972,8
DA:973,0
DA:979,35
DA:980,0
DA:981,0
DA:982,0
DA:984,0
DA:988,35
DA:989,0
DA:992,35
DA:993,3
DA:994,3
DA:995,3
DA:996,0
DA:998,3
DA:999,3
DA:1000,3
DA:1001,3
DA:1002,3
DA:1003,3
DA:1004,3
DA:1007,3
DA:1010,0
DA:1015,35
DA:1016,5
DA:1019,35
DA:1020,5
DA:1021,5
DA:1022,0
DA:1024,5
DA:1025,5
DA:1026,2
DA:1027,2
DA:1032,3
DA:1033,3
DA:1034,5
DA:1035,3
DA:1037,5
DA:1039,3
DA:1041,3
DA:1042,2
DA:1043,2
DA:1044,0
DA:1049,2
DA:1051,3
DA:1052,0
DA:1053,0
DA:1054,0
DA:1055,0
DA:1060,3
DA:1063,35
DA:1064,17
DA:1065,17
DA:1066,13
DA:1068,17
DA:1069,16
DA:1071,17
DA:1072,1
DA:1074,17
DA:1075,17
DA:1076,13
DA:1078,17
DA:1079,17
DA:1080,17
DA:1081,15
DA:1082,12
DA:1084,15
DA:1085,12
DA:1087,2
DA:1088,0
DA:1089,0
DA:1090,0
DA:1092,0
DA:1096,17
DA:1097,2
DA:1098,2
DA:1100,17
DA:1101,0
DA:1102,0
DA:1103,0
DA:1104,0
DA:1105,0
DA:1107,0
DA:1111,0
DA:1112,0
DA:1114,0
DA:1115,0
DA:1116,0
DA:1119,0
DA:1120,0
DA:1123,0
DA:1124,0
DA:1125,0
DA:1126,0
DA:1128,0
DA:1129,0
DA:1133,17
DA:1134,17
DA:1135,17
DA:1136,17
DA:1137,17
DA:1139,13
DA:1150,1
DA:1151,1
DA:1152,1
DA:1154,1
DA:1155,1
LF:514
LH:420
BRDA:7,1,0,1
BRDA:7,1,1,1
BRDA:7,2,0,4360
BRDA:7,2,1,0
BRDA:51,3,0,0
BRDA:51,3,1,9
BRDA:51,4,0,9
BRDA:51,4,1,9
BRDA:53,5,0,0
BRDA:53,5,1,5
BRDA:53,6,0,5
BRDA:53,6,1,5
BRDA:53,6,2,0
BRDA:55,7,0,0
BRDA:55,7,1,497
BRDA:57,8,0,46
BRDA:57,8,1,0
BRDA:59,9,0,0
BRDA:59,9,1,35
BRDA:61,10,0,0
BRDA:61,10,1,35
BRDA:61,11,0,0
BRDA:61,11,1,35
BRDA:61,12,0,35
BRDA:61,12,1,0
BRDA:61,12,2,0
BRDA:63,13,0,0
BRDA:63,13,1,1
BRDA:63,14,0,1
BRDA:63,14,1,0
BRDA:63,15,0,1
BRDA:63,15,1,1
BRDA:63,16,0,1
BRDA:63,16,1,0
BRDA:63,17,0,0
BRDA:63,17,1,1
BRDA:65,18,0,148
BRDA:65,18,1,0
BRDA:65,19,0,0
BRDA:65,19,1,0
BRDA:74,20,0,1
BRDA:74,20,1,29
BRDA:74,21,0,30
BRDA:74,21,1,1
BRDA:92,22,0,54
BRDA:92,22,1,15
BRDA:92,22,2,0
BRDA:93,23,0,54
BRDA:93,23,1,54
BRDA:94,24,0,0
BRDA:94,24,1,54
BRDA:97,25,0,1
BRDA:97,25,1,53
BRDA:97,26,0,54
BRDA:97,26,1,1
BRDA:121,27,0,2
BRDA:121,27,1,33
BRDA:129,28,0,2
BRDA:129,28,1,33
BRDA:130,29,0,35
BRDA:130,29,1,33
BRDA:137,30,0,35
BRDA:137,30,1,18
BRDA:148,31,0,13
BRDA:148,31,1,22
BRDA:150,32,0,1
BRDA:150,32,1,12
BRDA:157,33,0,0
BRDA:157,33,1,35
BRDA:157,34,0,35
BRDA:157,34,1,0
BRDA:167,35,0,4
BRDA:167,35,1,4
BRDA:167,35,2,0
BRDA:168,36,0,2
BRDA:168,36,1,2
BRDA:168,37,0,4
BRDA:168,37,1,3
BRDA:170,38,0,2
BRDA:170,38,1,1
BRDA:174,39,0,2
BRDA:174,39,1,2
BRDA:187,40,0,0
BRDA:187,40,1,4
BRDA:192,41,0,2
BRDA:192,41,1,2
BRDA:200,42,0,0
BRDA:200,42,1,36
BRDA:200,43,0,36
BRDA:200,43,1,20
BRDA:200,43,2,0
BRDA:200,43,3,0
BRDA:209,44,0,13
BRDA:209,44,1,23
BRDA:209,45,0,36
BRDA:209,45,1,21
BRDA:211,46,0,2
BRDA:211,46,1,11
BRDA:222,47,0,0
BRDA:222,47,1,1
BRDA:239,48,0,0
BRDA:239,48,1,19
BRDA:243,49,0,19
BRDA:243,49,1,1
BRDA:244,50,0,19
BRDA:244,50,1,21
BRDA:248,51,0,0
BRDA:248,51,1,19
BRDA:255,52,0,0
BRDA:255,52,1,0
BRDA:265,53,0,33
BRDA:265,53,1,38
BRDA:266,54,0,33
BRDA:266,54,1,33
BRDA:270,55,0,0
BRDA:270,55,1,71
BRDA:274,56,0,0
BRDA:274,56,1,0
BRDA:311,57,0,66
BRDA:311,57,1,38
BRDA:330,58,0,35
BRDA:330,58,1,19
BRDA:330,59,0,54
BRDA:330,59,1,35
BRDA:334,60,0,54
BRDA:334,60,1,52
BRDA:334,60,2,52
BRDA:334,60,3,19
BRDA:334,60,4,52
BRDA:335,61,0,3
BRDA:335,61,1,51
BRDA:335,62,0,54
BRDA:335,62,1,15
BRDA:335,62,2,12
BRDA:339,63,0,1
BRDA:339,63,1,0
BRDA:347,64,0,42
BRDA:347,64,1,12
BRDA:347,65,0,54
BRDA:347,65,1,15
BRDA:347,65,2,15
BRDA:347,65,3,12
BRDA:351,66,0,0
BRDA:351,66,1,12
BRDA:351,67,0,12
BRDA:351,67,1,0
BRDA:351,67,2,0
BRDA:351,67,3,0
BRDA:351,67,4,0
BRDA:363,68,0,12
BRDA:363,68,1,0
BRDA:378,69,0,5
BRDA:378,69,1,7
BRDA:380,70,0,5
BRDA:380,70,1,2
BRDA:400,71,0,1
BRDA:400,71,1,4
BRDA:400,72,0,5
BRDA:400,72,1,4
BRDA:404,73,0,2
BRDA:404,73,1,2
BRDA:406,74,0,1
BRDA:406,74,1,1
BRDA:427,75,0,2
BRDA:427,75,1,2
BRDA:434,76,0,2
BRDA:434,76,1,2
BRDA:434,77,0,4
BRDA:434,77,1,2
BRDA:451,78,0,5
BRDA:451,78,1,5
BRDA:451,79,0,10
BRDA:451,79,1,5
BRDA:460,80,0,0
BRDA:460,80,1,10
BRDA:466,81,0,5
BRDA:466,81,1,5
BRDA:466,82,0,10
BRDA:466,82,1,10
BRDA:467,83,0,5
BRDA:467,83,1,0
BRDA:467,84,0,5
BRDA:467,84,1,0
BRDA:469,85,0,4
BRDA:469,85,1,1
BRDA:469,86,0,5
BRDA:469,86,1,4
BRDA:472,87,0,0
BRDA:472,87,1,0
BRDA:481,88,0,7
BRDA:481,88,1,0
BRDA:490,89,0,3
BRDA:490,89,1,34
BRDA:492,90,0,0
BRDA:492,90,1,1
BRDA:499,91,0,1
BRDA:499,91,1,0
BRDA:513,92,0,0
BRDA:513,92,1,11
BRDA:521,93,0,0
BRDA:521,93,1,0
BRDA:521,94,0,0
BRDA:521,94,1,0
BRDA:535,95,0,5
BRDA:535,95,1,73
BRDA:535,96,0,78
BRDA:535,96,1,27
BRDA:538,97,0,73
BRDA:538,97,1,71
BRDA:542,98,0,2
BRDA:542,98,1,2
BRDA:550,99,0,1
BRDA:550,99,1,1
BRDA:568,100,0,38
BRDA:568,100,1,33
BRDA:577,101,0,13
BRDA:577,101,1,25
BRDA:596,102,0,33
BRDA:596,102,1,0
BRDA:600,103,0,0
BRDA:600,103,1,25
BRDA:600,104,0,25
BRDA:600,104,1,25
BRDA:600,104,2,25
BRDA:634,105,0,33
BRDA:634,105,1,0
BRDA:634,106,0,33
BRDA:634,106,1,33
BRDA:655,107,0,39
BRDA:655,107,1,35
BRDA:656,108,0,31
BRDA:656,108,1,8
BRDA:657,109,0,2
BRDA:657,109,1,29
BRDA:657,110,0,31
BRDA:657,110,1,3
BRDA:657,110,2,2
BRDA:665,111,0,0
BRDA:665,111,1,29
BRDA:671,112,0,0
BRDA:671,112,1,0
BRDA:693,113,0,38
BRDA:693,113,1,33
BRDA:699,114,0,71
BRDA:699,114,1,33
BRDA:742,115,0,33
BRDA:742,115,1,38
BRDA:749,116,0,16
BRDA:749,116,1,55
BRDA:749,117,0,71
BRDA:749,117,1,26
BRDA:749,117,2,16
BRDA:750,118,0,33
BRDA:750,118,1,38
BRDA:750,119,0,71
BRDA:750,119,1,38
BRDA:759,120,0,33
BRDA:759,120,1,38
BRDA:759,121,0,33
BRDA:759,121,1,30
BRDA:819,122,0,0
BRDA:819,122,1,1
BRDA:819,123,0,1
BRDA:819,123,1,0
BRDA:821,124,0,0
BRDA:821,124,1,0
BRDA:839,125,0,0
BRDA:839,125,1,5
BRDA:839,126,0,5
BRDA:839,126,1,2
BRDA:849,127,0,0
BRDA:849,127,1,5
BRDA:849,128,0,5
BRDA:849,128,1,0
BRDA:861,129,0,0
BRDA:861,129,1,0
BRDA:865,130,0,0
BRDA:865,130,1,0
BRDA:865,131,0,0
BRDA:865,131,1,0
BRDA:867,132,0,0
BRDA:867,132,1,0
BRDA:867,133,0,0
BRDA:867,133,1,0
BRDA:875,134,0,0
BRDA:875,134,1,2
BRDA:880,135,0,1
BRDA:880,135,1,1
BRDA:880,136,0,2
BRDA:880,136,1,1
BRDA:880,136,2,1
BRDA:882,137,0,1
BRDA:882,137,1,0
BRDA:884,138,0,0
BRDA:884,138,1,1
BRDA:888,139,0,0
BRDA:888,139,1,1
BRDA:889,140,0,0
BRDA:889,140,1,0
BRDA:895,141,0,1
BRDA:895,141,1,0
BRDA:896,142,0,1
BRDA:896,142,1,0
BRDA:906,143,0,0
BRDA:906,143,1,8
BRDA:916,144,0,1
BRDA:916,144,1,7
BRDA:924,145,0,7
BRDA:924,145,1,1
BRDA:926,146,0,5
BRDA:926,146,1,2
BRDA:934,147,0,0
BRDA:934,147,1,2
BRDA:945,148,0,0
BRDA:945,148,1,1
BRDA:945,149,0,1
BRDA:945,149,1,0
BRDA:960,150,0,5
BRDA:960,150,1,3
BRDA:963,151,0,1
BRDA:963,151,1,4
BRDA:963,152,0,5
BRDA:963,152,1,4
BRDA:972,153,0,0
BRDA:972,153,1,8
BRDA:981,154,0,0
BRDA:981,154,1,0
BRDA:995,155,0,0
BRDA:995,155,1,3
BRDA:1001,156,0,3
BRDA:1001,156,1,0
BRDA:1001,157,0,3
BRDA:1001,157,1,2
BRDA:1003,158,0,3
BRDA:1003,158,1,0
BRDA:1021,159,0,0
BRDA:1021,159,1,5
BRDA:1025,160,0,2
BRDA:1025,160,1,3
BRDA:1025,161,0,5
BRDA:1025,161,1,2
BRDA:1025,161,2,1
BRDA:1025,161,3,2
BRDA:1025,162,0,2
BRDA:1025,162,1,2
BRDA:1034,163,0,3
BRDA:1034,163,1,2
BRDA:1041,164,0,2
BRDA:1041,164,1,1
BRDA:1043,165,0,0
BRDA:1043,165,1,2
BRDA:1051,166,0,0
BRDA:1051,166,1,3
BRDA:1052,167,0,0
BRDA:1052,167,1,0
BRDA:1052,168,0,0
BRDA:1052,168,1,0
BRDA:1071,169,0,17
BRDA:1071,169,1,0
BRDA:1071,170,0,17
BRDA:1071,170,1,1
BRDA:1075,171,0,13
BRDA:1075,171,1,4
BRDA:1080,172,0,15
BRDA:1080,172,1,2
BRDA:1087,173,0,0
BRDA:1087,173,1,2
BRDA:1087,174,0,2
BRDA:1087,174,1,2
BRDA:1089,175,0,0
BRDA:1089,175,1,0
BRDA:1096,176,0,2
BRDA:1096,176,1,15
BRDA:1096,177,0,17
BRDA:1096,177,1,8
BRDA:1097,178,0,2
BRDA:1097,178,1,0
BRDA:1100,179,0,0
BRDA:1100,179,1,17
BRDA:1100,180,0,17
BRDA:1100,180,1,8
BRDA:1102,181,0,0
BRDA:1102,181,1,0
BRDA:1104,182,0,0
BRDA:1104,182,1,0
BRDA:1114,183,0,0
BRDA:1114,183,1,0
BRDA:1119,184,0,0
BRDA:1119,184,1,0
BRDA:1124,185,0,0
BRDA:1124,185,1,0
BRDA:1133,186,0,12
BRDA:1133,186,1,5
BRDA:1135,187,0,17
BRDA:1135,187,1,0
BRDA:1139,188,0,1
BRDA:1139,188,1,12
BRDA:1141,189,0,12
BRDA:1141,189,1,12
BRF:399
BRH:279
end_of_record
TN:
SF:/Users/dushao/project/uxcore-tree-select/src/SelectTrigger.jsx
FN:7,(anonymous_1)
FN:49,_interopRequireDefault
FN:51,_defaults
FN:53,_defineProperty
FN:55,_classCallCheck
FN:57,_possibleConstructorReturn
FN:59,_inherits
FN:80,(anonymous_8)
FN:83,SelectTrigger
FN:96,(anonymous_10)
FN:98,(anonymous_11)
FN:103,(anonymous_12)
FN:109,(anonymous_13)
FN:116,(anonymous_14)
FN:131,componentDidMount
FN:135,componentWillReceiveProps
FN:145,componentDidUpdate
FN:149,setDropdownWidth
FN:156,getPopupEleRefs
FN:160,getPopupDOMNode
FN:164,getDropdownTransitionName
FN:173,getDropdownPrefixCls
FN:177,filterSelectedTreeNode
FN:184,processSelectedTreeNode
FN:191,(anonymous_25)
FN:194,(anonymous_26)
FN:203,(anonymous_27)
FN:205,(anonymous_28)
FN:215,(anonymous_29)
FN:229,recursive
FN:230,(anonymous_31)
FN:242,processTreeNode
FN:247,(anonymous_33)
FN:256,(anonymous_34)
FN:258,(anonymous_35)
FN:267,(anonymous_36)
FN:275,recursive
FN:276,(anonymous_38)
FN:286,renderRightTree
FN:300,recursive
FN:303,handler
FN:329,renderRightDropdown
FN:393,renderTree
FN:453,render
FN:467,recursive
FN:469,handler
FN:503,(anonymous_47)
FN:504,(anonymous_48)
FN:509,(anonymous_49)
FNF:49
FNH:44
FNDA:444,(anonymous_1)
FNDA:9,_interopRequireDefault
FNDA:1,_defaults
FNDA:212,_defineProperty
FNDA:35,_classCallCheck
FNDA:70,_possibleConstructorReturn
FNDA:1,_inherits
FNDA:1,(anonymous_8)
FNDA:35,SelectTrigger
FNDA:1,(anonymous_10)
FNDA:0,(anonymous_11)
FNDA:0,(anonymous_12)
FNDA:144,(anonymous_13)
FNDA:18,(anonymous_14)
FNDA:35,componentDidMount
FNDA:36,componentWillReceiveProps
FNDA:71,componentDidUpdate
FNDA:106,setDropdownWidth
FNDA:0,getPopupEleRefs
FNDA:0,getPopupDOMNode
FNDA:106,getDropdownTransitionName
FNDA:212,getDropdownPrefixCls
FNDA:175,filterSelectedTreeNode
FNDA:106,processSelectedTreeNode
FNDA:58,(anonymous_25)
FNDA:175,(anonymous_26)
FNDA:57,(anonymous_27)
FNDA:57,(anonymous_28)
FNDA:175,(anonymous_29)
FNDA:106,recursive
FNDA:57,(anonymous_31)
FNDA:9,processTreeNode
FNDA:18,(anonymous_33)
FNDA:8,(anonymous_34)
FNDA:8,(anonymous_35)
FNDA:18,(anonymous_36)
FNDA:9,recursive
FNDA:8,(anonymous_38)
FNDA:45,renderRightTree
FNDA:47,recursive
FNDA:59,handler
FNDA:106,renderRightDropdown
FNDA:98,renderTree
FNDA:106,render
FNDA:108,recursive
FNDA:181,handler
FNDA:175,(anonymous_47)
FNDA:106,(anonymous_48)
FNDA:0,(anonymous_49)
DA:3,1
DA:7,3338
DA:9,1
DA:11,1
DA:13,1
DA:15,1
DA:17,1
DA:19,1
DA:21,1
DA:23,1
DA:25,1
DA:27,1
DA:29,1
DA:31,1
DA:33,1
DA:35,1
DA:37,1
DA:39,1
DA:41,1
DA:43,1
DA:45,1
DA:47,1
DA:49,9
DA:51,5
DA:53,212
DA:55,35
DA:57,70
DA:59,1
DA:61,1
DA:80,1
DA:81,1
DA:83,1
DA:84,35
DA:86,35
DA:88,35
DA:89,105
DA:92,35
DA:97,1
DA:100,0
DA:105,0
DA:106,0
DA:110,144
DA:111,144
DA:112,144
DA:113,144
DA:115,0
DA:117,18
DA:118,0
DA:120,18
DA:121,18
DA:122,0
DA:124,18
DA:125,0
DA:127,18
DA:131,1
DA:132,35
DA:135,1
DA:136,36
DA:138,5
DA:145,1
DA:146,71
DA:149,1
DA:150,106
DA:151,106
DA:152,35
DA:156,1
DA:157,0
DA:160,1
DA:161,0
DA:164,1
DA:165,106
DA:166,106
DA:167,106
DA:168,0
DA:170,106
DA:173,1
DA:174,212
DA:177,1
DA:178,175
DA:179,57
DA:181,118
DA:184,1
DA:185,106
DA:188,106
DA:189,106
DA:191,106
DA:192,58
DA:194,106
DA:195,175
DA:196,57
DA:202,106
DA:203,106
DA:204,57
DA:205,57
DA:206,57
DA:207,57
DA:208,57
DA:210,57
DA:214,106
DA:215,106
DA:216,175
DA:217,57
DA:219,57
DA:220,2
DA:222,57
DA:227,106
DA:229,106
DA:230,106
DA:231,57
DA:232,0
DA:235,57
DA:239,106
DA:242,1
DA:243,9
DA:245,9
DA:246,9
DA:247,9
DA:248,18
DA:249,8
DA:250,8
DA:255,9
DA:256,9
DA:257,8
DA:258,8
DA:259,8
DA:260,8
DA:261,8
DA:263,8
DA:266,9
DA:267,9
DA:268,18
DA:269,8
DA:273,9
DA:275,9
DA:276,9
DA:277,8
DA:278,0
DA:280,8
DA:283,9
DA:286,1
DA:287,45
DA:289,45
DA:300,45
DA:301,47
DA:305,59
DA:307,2
DA:315,57
DA:322,45
DA:329,1
DA:330,106
DA:338,106
DA:340,106
DA:342,106
DA:343,12
DA:349,106
DA:351,106
DA:358,106
DA:368,106
DA:393,1
DA:394,98
DA:396,98
DA:406,98
DA:407,26
DA:408,26
DA:409,26
DA:410,26
DA:411,26
DA:413,1
DA:415,25
DA:417,26
DA:418,0
DA:420,26
DA:423,72
DA:424,72
DA:428,98
DA:429,96
DA:431,98
DA:432,98
DA:433,98
DA:434,8
DA:436,98
DA:437,0
DA:438,0
DA:442,98
DA:443,0
DA:446,98
DA:453,1
DA:454,106
DA:456,106
DA:457,106
DA:458,106
DA:459,106
DA:460,106
DA:461,106
DA:467,106
DA:469,108
DA:471,181
DA:472,0
DA:474,181
DA:476,4
DA:482,177
DA:486,106
DA:487,106
DA:488,2
DA:490,104
DA:491,104
DA:495,106
DA:496,9
DA:499,106
DA:501,106
DA:502,106
DA:503,106
DA:504,175
DA:505,106
DA:507,57
DA:509,175
DA:510,0
DA:512,0
DA:516,106
DA:517,106
DA:518,8
DA:519,8
DA:524,0
DA:525,0
DA:528,106
DA:540,106
DA:541,106
DA:542,106
DA:543,0
DA:545,106
DA:566,1
DA:569,1
DA:587,1
DA:588,1
LF:234
LH:212
BRDA:7,1,0,1
BRDA:7,1,1,1
BRDA:7,2,0,3338
BRDA:7,2,1,0
BRDA:49,3,0,1
BRDA:49,3,1,8
BRDA:49,4,0,9
BRDA:49,4,1,9
BRDA:51,5,0,0
BRDA:51,5,1,5
BRDA:51,6,0,5
BRDA:51,6,1,5
BRDA:51,6,2,0
BRDA:53,7,0,0
BRDA:53,7,1,212
BRDA:55,8,0,0
BRDA:55,8,1,35
BRDA:57,9,0,0
BRDA:57,9,1,70
BRDA:57,10,0,35
BRDA:57,10,1,35
BRDA:57,11,0,70
BRDA:57,11,1,35
BRDA:57,11,2,0
BRDA:59,12,0,0
BRDA:59,12,1,1
BRDA:59,13,0,1
BRDA:59,13,1,0
BRDA:59,14,0,1
BRDA:59,14,1,1
BRDA:59,15,0,1
BRDA:59,15,1,0
BRDA:59,16,0,0
BRDA:59,16,1,1
BRDA:105,17,0,0
BRDA:105,17,1,0
BRDA:105,18,0,0
BRDA:105,18,1,0
BRDA:112,19,0,144
BRDA:112,19,1,0
BRDA:113,20,0,144
BRDA:113,20,1,6
BRDA:117,21,0,0
BRDA:117,21,1,18
BRDA:121,22,0,0
BRDA:121,22,1,18
BRDA:124,23,0,0
BRDA:124,23,1,18
BRDA:136,24,0,5
BRDA:136,24,1,31
BRDA:136,25,0,36
BRDA:136,25,1,5
BRDA:151,26,0,35
BRDA:151,26,1,71
BRDA:167,27,0,0
BRDA:167,27,1,106
BRDA:167,28,0,106
BRDA:167,28,1,0
BRDA:178,29,0,57
BRDA:178,29,1,118
BRDA:195,30,0,57
BRDA:195,30,1,118
BRDA:207,31,0,57
BRDA:207,31,1,0
BRDA:216,32,0,57
BRDA:216,32,1,118
BRDA:219,33,0,2
BRDA:219,33,1,55
BRDA:219,34,0,57
BRDA:219,34,1,57
BRDA:231,35,0,0
BRDA:231,35,1,57
BRDA:248,36,0,8
BRDA:248,36,1,10
BRDA:260,37,0,8
BRDA:260,37,1,0
BRDA:268,38,0,8
BRDA:268,38,1,10
BRDA:277,39,0,0
BRDA:277,39,1,8
BRDA:292,40,0,45
BRDA:292,40,1,21
BRDA:292,40,2,21
BRDA:305,41,0,2
BRDA:305,41,1,57
BRDA:305,42,0,59
BRDA:305,42,1,59
BRDA:342,43,0,12
BRDA:342,43,1,94
BRDA:349,44,0,106
BRDA:349,44,1,61
BRDA:385,45,0,45
BRDA:385,45,1,61
BRDA:385,46,0,106
BRDA:385,46,1,106
BRDA:389,47,0,61
BRDA:389,47,1,45
BRDA:406,48,0,26
BRDA:406,48,1,72
BRDA:411,49,0,1
BRDA:411,49,1,25
BRDA:417,50,0,0
BRDA:417,50,1,26
BRDA:417,51,0,26
BRDA:417,51,1,0
BRDA:428,52,0,96
BRDA:428,52,1,2
BRDA:428,53,0,98
BRDA:428,53,1,98
BRDA:428,53,2,96
BRDA:433,54,0,8
BRDA:433,54,1,90
BRDA:433,55,0,98
BRDA:433,55,1,11
BRDA:436,56,0,0
BRDA:436,56,1,98
BRDA:442,57,0,0
BRDA:442,57,1,98
BRDA:459,58,0,46
BRDA:459,58,1,60
BRDA:461,59,0,93
BRDA:461,59,1,13
BRDA:461,60,0,106
BRDA:461,60,1,60
BRDA:461,60,2,60
BRDA:471,61,0,0
BRDA:471,61,1,181
BRDA:474,62,0,4
BRDA:474,62,1,177
BRDA:474,63,0,181
BRDA:474,63,1,181
BRDA:487,64,0,2
BRDA:487,64,1,104
BRDA:487,65,0,106
BRDA:487,65,1,2
BRDA:490,66,0,104
BRDA:490,66,1,23
BRDA:495,67,0,9
BRDA:495,67,1,97
BRDA:499,68,0,106
BRDA:499,68,1,0
BRDA:504,69,0,57
BRDA:504,69,1,118
BRDA:509,70,0,0
BRDA:509,70,1,175
BRDA:509,71,0,175
BRDA:509,71,1,6
BRDA:517,72,0,8
BRDA:517,72,1,98
BRDA:518,73,0,8
BRDA:518,73,1,0
BRDA:524,74,0,0
BRDA:524,74,1,0
BRDA:535,75,0,106
BRDA:535,75,1,98
BRDA:541,76,0,0
BRDA:541,76,1,106
BRDA:542,77,0,0
BRDA:542,77,1,106
BRDA:548,78,0,0
BRDA:548,78,1,106
BRF:161
BRH:123
end_of_record
TN:
SF:/Users/dushao/project/uxcore-tree-select/src/i18n.js
FNF:0
FNH:0
DA:3,1
LF:1
LH:1
BRF:0
BRH:0
end_of_record
TN:
SF:/Users/dushao/project/uxcore-tree-select/src/utils.js
FN:11,flatToHierarchy
FN:19,(anonymous_2)
FN:30,(anonymous_3)
FN:36,(anonymous_4)
FN:38,(anonymous_5)
FN:40,(anonymous_6)
FNF:6
FNH:6
FNDA:118,flatToHierarchy
FNDA:71,(anonymous_2)
FNDA:3,(anonymous_3)
FNDA:3,(anonymous_4)
FNDA:3,(anonymous_5)
FNDA:3,(anonymous_6)
DA:3,1
DA:6,1
DA:8,1
DA:11,1
DA:12,118
DA:14,118
DA:15,63
DA:17,55
DA:18,55
DA:19,55
DA:20,71
DA:21,0
DA:23,71
DA:24,71
DA:25,58
DA:27,71
DA:30,55
DA:31,3
DA:36,55
DA:37,3
DA:38,3
DA:39,3
DA:40,3
DA:41,3
DA:42,3
DA:44,3
DA:45,1
DA:47,2
DA:48,0
DA:50,2
DA:53,3
DA:54,0
DA:58,3
DA:61,55
LF:34
LH:31
BRDA:12,1,0,107
BRDA:12,1,1,11
BRDA:12,2,0,118
BRDA:12,2,1,107
BRDA:14,3,0,63
BRDA:14,3,1,55
BRDA:20,4,0,0
BRDA:20,4,1,71
BRDA:24,5,0,58
BRDA:24,5,1,13
BRDA:37,6,0,3
BRDA:37,6,1,0
BRDA:37,7,0,3
BRDA:37,7,1,3
BRDA:41,8,0,3
BRDA:41,8,1,0
BRDA:44,9,0,1
BRDA:44,9,1,2
BRDA:44,10,0,3
BRDA:44,10,1,1
BRDA:47,11,0,0
BRDA:47,11,1,2
BRDA:53,12,0,0
BRDA:53,12,1,3
BRF:24
BRH:19
end_of_record
TN:
SF:/Users/dushao/project/uxcore-tree-select/src/RightTreeNode.jsx
FN:23,_interopRequireDefault
FN:25,_defaults
FN:27,_defineProperty
FN:29,_classCallCheck
FN:31,_possibleConstructorReturn
FN:33,_inherits
FN:38,(anonymous_7)
FN:41,RightTreeNode
FN:46,(anonymous_9)
FN:55,(anonymous_10)
FN:67,componentWillReceiveProps
FN:75,getMaxWidth
FN:98,isSelectNode
FN:107,render
FNF:14
FNH:14
FNDA:4,_interopRequireDefault
FNDA:1,_defaults
FNDA:105,_defineProperty
FNDA:26,_classCallCheck
FNDA:26,_possibleConstructorReturn
FNDA:1,_inherits
FNDA:1,(anonymous_7)
FNDA:26,RightTreeNode
FNDA:1,(anonymous_9)
FNDA:1,(anonymous_10)
FNDA:8,componentWillReceiveProps
FNDA:35,getMaxWidth
FNDA:59,isSelectNode
FNDA:35,render
DA:3,1
DA:7,1
DA:9,1
DA:11,1
DA:13,1
DA:15,1
DA:17,1
DA:19,1
DA:21,1
DA:23,4
DA:25,5
DA:27,105
DA:29,26
DA:31,26
DA:33,1
DA:38,1
DA:39,1
DA:41,1
DA:42,26
DA:44,26
DA:46,26
DA:47,1
DA:52,1
DA:55,26
DA:56,1
DA:61,26
DA:64,26
DA:67,1
DA:68,8
DA:69,0
DA:75,1
DA:76,35
DA:84,35
DA:85,35
DA:86,4
DA:88,35
DA:89,34
DA:91,35
DA:92,4
DA:95,35
DA:98,1
DA:99,59
DA:104,59
DA:107,1
DA:108,35
DA:110,35
DA:118,35
DA:121,35
DA:122,35
DA:123,1
DA:124,34
DA:126,30
DA:128,35
DA:129,35
DA:131,35
DA:133,35
DA:143,35
DA:166,1
DA:169,1
DA:172,1
DA:177,1
DA:191,1
LF:62
LH:61
BRDA:23,1,0,0
BRDA:23,1,1,4
BRDA:23,2,0,4
BRDA:23,2,1,4
BRDA:25,3,0,0
BRDA:25,3,1,5
BRDA:25,4,0,5
BRDA:25,4,1,5
BRDA:25,4,2,0
BRDA:27,5,0,0
BRDA:27,5,1,105
BRDA:29,6,0,0
BRDA:29,6,1,26
BRDA:31,7,0,0
BRDA:31,7,1,26
BRDA:31,8,0,0
BRDA:31,8,1,26
BRDA:31,9,0,26
BRDA:31,9,1,0
BRDA:31,9,2,0
BRDA:33,10,0,0
BRDA:33,10,1,1
BRDA:33,11,0,1
BRDA:33,11,1,0
BRDA:33,12,0,1
BRDA:33,12,1,1
BRDA:33,13,0,1
BRDA:33,13,1,0
BRDA:33,14,0,0
BRDA:33,14,1,1
BRDA:62,15,0,26
BRDA:62,15,1,24
BRDA:62,15,2,23
BRDA:68,16,0,0
BRDA:68,16,1,8
BRDA:85,17,0,4
BRDA:85,17,1,31
BRDA:85,18,0,35
BRDA:85,18,1,31
BRDA:85,18,2,30
BRDA:86,19,0,0
BRDA:86,19,1,4
BRDA:88,20,0,34
BRDA:88,20,1,1
BRDA:88,21,0,35
BRDA:88,21,1,34
BRDA:89,22,0,0
BRDA:89,22,1,34
BRDA:91,23,0,4
BRDA:91,23,1,31
BRDA:122,24,0,1
BRDA:122,24,1,34
BRDA:123,25,0,1
BRDA:123,25,1,0
BRDA:124,26,0,30
BRDA:124,26,1,4
BRDA:124,27,0,34
BRDA:124,27,1,34
BRDA:149,28,0,4
BRDA:149,28,1,31
BRDA:151,29,0,4
BRDA:151,29,1,31
BRDA:151,30,0,35
BRDA:151,30,1,31
BRDA:151,30,2,30
BRDA:156,31,0,34
BRDA:156,31,1,1
BRDA:156,32,0,35
BRDA:156,32,1,34
BRDA:162,33,0,1
BRDA:162,33,1,34
BRDA:162,34,0,35
BRDA:162,34,1,32
BRF:73
BRH:56
end_of_record
